<?xml version="1.0" encoding="UTF-8"?>
<!-- Generated by org.testng.reporters.JUnitReportReporter -->
<testsuite hostname="DESKTOP-ECSS8QS" failures="0" tests="1" name="arka.testcases.E2E" time="78.888" errors="1" timestamp="2023-10-09T22:24:48 IST" skipped="0">
  <testcase classname="arka.testcases.E2E" name="loginLeadTaskCreation" time="78.888">
    <error message="HTTP method not allowed
Command duration or timeout: 5 milliseconds
Build info: version: &#039;4.13.0&#039;, revision: &#039;ba948ece5b*&#039;
System info: os.name: &#039;Windows 10&#039;, os.arch: &#039;amd64&#039;, os.version: &#039;10.0&#039;, java.version: &#039;17.0.3&#039;
Driver info: org.openqa.selenium.firefox.FirefoxDriver
Command: [687980fb-5b51-4fb3-aca4-8bfabbcb1e04, uploadFile {file=UEsDBBQACAgIABezSVcAAAAAAAAAAAAAAAAIAAAAZGVtby5wbmcBHR/i4IlQTkcNChoKAAAADUlIRFIAAAD2AAAAzQgDAAAAvHF9lAAAAhBQTFRF////M5nMMzNmM5lmzJlmzDNm/5lmJJXKmTNmoMnj/5ZgJpVfm8au/7mlueS7p8zlK5hh9v/0RaFp/9i7IpPKseDjLaLI9v37yZJZ+vz3yAtV9/DqyiJdyilhyDBs5IWYz6Fz47HH//P1yaFpLCxiICBdfsbWT7NnJydgmWYz5Pf0dnaNMydfJiZhJzNmJpvJGxtbYGB/7srTjjNmsNTdM6hW1fLuM5q31muK/696/6CLVqnI3ev0Dg5WlZWl/2Yza6/WVlaFZWWPPDxq6Lik5+f3/66Vx8fQt7fAAABRbGyK/5FX/59wAIzHdbzXfX2X0NDm39/k/9rU/2JF/5Nq/6NpecOHyd/ux+zNl9OmAIlKrKzAj4+n/+bo07aN5s+7dklVTk6A0tLVn5/AM3Ghh4eupaWxRjNmoTNmyFSNxQBJszNmkFZf/3Fl1GZN//vl/+bTf7fentHbot/cc8LUwd/h0uX8fLLelbzjVqfZveDTW6t8e7eXqMq1LaNi3PLZT6R73f/gf7uhNLBM4vrta718tNS9db2QmtaZHpxSxtnVg8yp3bSW4+HH1MKaxohI4dGvzq9/pX4/e05JVEVZkWBAPEBiqItCY1NQeV1MM4mwM3OLdTNm4rzWdnajzlF655im7aiz2WyE66Sx1Hqi2Z2/6NHmz3ajlFteqFVgul5Yakxm/87M/8Cg/6WU/9HQeBOHSQAAHMhJREFUeJztnY1fGtm5xw8QneD4AgQZEIxCBiSTkkGXUBMGiyG+AY7BusE31tU0bnbTNsqV7voSSVKEJjHNZtvae/du1qQx29ttcvdfvOcMoKIMDHDUtDe/j8IwL+c833nOO8w5AHzQB0lUxEdUIpZn9gXi8lQUiE5JnRB1E0HIKhKhjewGwmsrDUR2MtxubWX2CsqZ3FR5IITnRLD5Ct0kmNyUDYStPAwZwZ0EticbuSg9yoL7P+7ftmXCYNiDl+w/L3u5WAyE6wSoKZ0QtS+25/UDCdYGlcOCOXixNLbPxkMYX+4kpRD0so0vnCa0J4ENBGwPFYtptcixWkLnJmBpRci0WvRJpnO5ueZleBDu0Lp4Ig4PaonsS0Fsrdsd4YYZH5G5aNgtBB1xRxhZJtD8G3ty2ARPaYc9zcPKGM8sxkEz0ezmZfHmCM/ZCNmwq2nYE4/Llrlmn4HxNROumJvX8u5YjBDBjsdkFMv4lO5m6HT3Utxm+w8tEYmxlMzHufkllza+/F5gy9gILIwBNBXwsiVG1xTzcMvAw0U8FPSTK0JQS7FIPMLKmBhr0HIxnmIp1uXWimA3c0wEeptdYnjl73TaeDMH72yEQTt5nhrm4hHi/cCG6ZHyxVyclueUHoZguHh8mdI2Q0gCYbMgHm+WuX+ndS/JIDbPgiVmeFEUOx4bpjyML+Jyx+JKrTYOBOwYjIKSsZTOBjzvBzbxpVIJLQIugndxOgCTp49fNhAQGwjYBBdbXOYXARuP6DLYBFC646LYcZ6SMT6DkoktUfyy28ZFCCISX6TYuEvJsBTPvB95W6ZratIRMsMyG3PJiK9sWj6yKLMRvIeNQb/wsCRuci3zEZ5YbtJldms9X8XEsInFiMuntS17mr7k4bYPnc8SfKTJQ+iaXKzPR9g87wc2qlRZRokKaGEbVdVCQsy9EEIxjzaJzMcIx/AiRZqMEELJVPgEkQ1L2CnLhfGeYCMtl9PCXPbJxCqwMnUi2AZdacNE9a+LDZZLG/bviL1YRVdEG8Nw77Qn0hWJVNHxZC3ZQGJVdDx9J0ENgGu44mGGPT99WSm3lmWK2HaUivh0lSh/UKl5uaJAlm0nNagERVUkHIGcCO4H/Ttrpb5qTawUj4K6V30cUCViKUdJDYlDq8kicTRiiQJKUyyWsqhJBRaR6wbROFKY4lAoVCo1Huw1XCaR90TjWMcUBYqlHgs1hc+kDbE4EticDbWOBduAD7tDLI5GnNiXsGCDjEmwtBCNKO8ImX/m/u3ysclD0R7ec5TYZCLxYFXMtsTG3ofVRCIxrsl9UNx/sM/IsrHJJ4lE/jGyPpF4UpwbKzbQpNUqMg230hqNQrOqUaVVaJvUpOFecjW9ruhQralgUTo+oSBvwDovfV+jTq+nFZp1WCjCszVlY5MP1QqYxTSa++vp+yS86xoFmapfBxpyI02uauDf0WPfSKXIZH1CMZ4YV/8eJDuS9xhVYnwtzTSqEhtPkuOPVclEAlZE5PgEOX6PSY+P16+BxIb6UXKFGVepG9WNZLnYqmSa3NggQXJ1JZW8z6TTDEmmEiuJyRRMUmkmnSxY7ODFHjesPkzWU38wTHZA7PWHTL0hnVjRpKm1SQinIQ0dBpggBGwNVZ8cTyVWSTV0+KNkx2py4vHkRCXYq4pGoAKrGpBKPn64knoCsccnkpco1aRakQIFnY0ZW1W/8tDd0dEBVGn17w2P6hMdHQpyIjmpMWwkNgw3VNS6+v5aUsC+b+jo0JAwUwjYaoidZiZT5WOTjUlyEmJrNGCjY12VMKhQIp9Mpg331ykyqX5Y8DKs2GqNJvlo5cH4ej1M5JeS0IgH44rxBxNriaRmfCOtTtSTiftrsAImGyfIVPLBaurBCkyR6w/WEx2rD8hxVDaVXaSpUjDjqGBSqk8mVicfj6PQE8kV8mEy+WQipVEfed5WqAR4jUK12nFPaF3AbYVKQyqEqOEbiU5RZd0ESz20h8zZBa9y15ePjcJV5cJNq1FVAkNWoVqRzMV1tNi7htQnUoXzVFGlEhNkdc0VciItrVGDB9vw6ED0pZoLhY1GV1XXSpMaLSZvV+BbEYm2yd04G6eiN7c84euBpY7h1uLqgQE1pr4IuSoeRwJbf4fUiPfqy1NyFcewx2S6WP8/sY4jDqhVTKMMSExj9Sox2EOtYIijsTGBD/qDPuioZcSlkwYpR8ZPTukxqX1GWpQGTKqCekF/Cp/01yTd53OY1L5ZMTlOasi9UDLCGYwx6k9FK6N+ihf71PNSERrxRtheGfY1zNinSiW7TczJS7QcDYfD4mXsNaxGQFlEo8roHN7o9GcOhN83NzUdmLV7vU6nE77QvRempw7zX8NrRWlszKkrrxA1DPR0OpwOOy3fE223W53+zvm5CrD1mT+9UNUVP7UUtlgMpcIVu24XOzzV67XmEe+Hdzi9V6fKxP7jqF4f1etHo/qFqCW6WfTcyrA3jdGnwsa5vdDbN/VPZ6RiDwScVhHkXXQrPZLzuTRso14P9OeMhnb9J8Znxc+tCFs/8/SZcVP/ySf6TdCuf/5HyPzHUzPGU+1oo/0UPNBeFLvH7yzBnJHd6h8oF/vazMwMxD6KRK6fMW4a279eeDozA2Y+uTtj1IOZTaMRxQhmQPuM8SkQ4UbY83KHFOaMy529A2VhPzNGo8ajw14wPlPPPDWeA8+eLswY2i0z+s0ZPcR++uwuTAHPomLuvjZllw6dSeuzc9Kw2w2nNi2nwLlzoP2osGEif45arc/Bs4Wvz507BbP15swzhK2/u2mcOWcRwf7rp86yoAU5vy9ePuX0tdHYvrmg18988rxU27KyIu0a9OzXm3fB13r101NGMPPcYmhvB19f24Quf7rZbnxqLIit/+b8p5Iy9QE5/vRXKdj6XBUm/B0BdjaG3Voys5k78Bz2OQrFqz9/vjJs+k/nv5HCLVntJagraq48Xxh9XmD3N+crxv7z+fPf4Gw4bZbCrijUQm2ZcwJ1Zdhy+i/wUkkJXZp9d0thSytMSitLff7PFWHLt87j44ZlXilqbB3PDPT5v9groob+/k/k8HYcmpEy2DGKhTtLfX6rQmrITdN2600JBmOS8RNs1P/lryyJ78o6fXzcAFiqVOfPBIn1t8qQc/44uavTSHnN0eLcgydNI1U3K2iPimsofNI80jSXoaYFlaQqcYaTpv1HZGckpsSmZrclk8L9VwWV4qZ7/cUOXzVcpe1XoY19zXjM68tBN7No2gNc0hLfCnUWfUEIPFwkvdOzvbCoBmFrkVM6wQUaZm+Kx2SjVpt9yjI+XOHjZ6Jis9idhz29uwemfnoWjNBy+/wInXdkd4vexZb7PVU8V3lAWl7Axhbenn5F78dGr6j6pmnrVqdcaLRZ/Z2zVnkvLPEhN8oTTnmnX0gXfudsJyoQaPgud2Sx6V/htE6Y2IjBdx/3As5iOyCAtW/AKrffBF7r4AAaGQ2gY2jYaPAWuunTTuE42jEHb8f1m6i6gvdrC/WPp60Z7J99i9M64WFi91FgZxL5SCAQ6HXuYg+Aua3ZMIBONRqveulZ+ffg1qwf3RbHAOgc6oTlgPU6GHB0GmBu3xqxewdBpz2D/XOc1hF8SWziwLw+0h5D1e4VaVNDe94GNO0YAVdhe7PXLpRoYMSOUoOzF/RY5dYREPBeN8L00QNg4W51eoegu4tgH7RNqoQHgYtiE3wsb74oj7RJs7LYW0Ner32ft/usQl71og0koUiD2N5pIOR/0OO9Dkt++iqYhW3xMOw23SyCTfhiSinPvBMHTyqJTfCUTQnLfC2a7AfNCeSjhtEUP6VmONPuK8n3Y2eKKMh2ALsHyDPYQzls6PH5TmcxbEJJxWKsYBiB7ENmoeks0MRFWXOFDUJ5cGqy0tgxTqZl43HO1hcb5jnmSx8jc3t4hitRn+RhhweccuvUPmzYuchUUrvYF8AFu5wOCHckg+01THnpoaLeBixEbWI4Hd/EuVzcl57mCONhI0yEjTUxzVoPx3n4CBdhGSqWb23pRA7L+iYWeCJuD9BRSz7Kw8RtWsrXFC+e1vdjw5Jsa6jXsA/b0QkGvE4rwp4eolHetsMmi9MZBrRzFxsMDMFEUATbxwxDAEYXiyg5AvBKDpqodCvdurgyxnnQVD1K9xLFcouuyMG5yUrn7WEd8FBELMJSHkqrA0uA+lJGNTfHpHsbggIj2O9t2tEDwPXwoAOCGkdQJkDnXAfGTtoqYH8vJPJweC48JY6tAzCFfxUfXuSU8WHGx3MebniZicSGmyIxF8vw0ErXkns4bosdnEtBQt6OuRgZJUyN9HOuORL3UTqg41x5U92IYMvlgWxjyz/dI/df8NOdgdxeh3/65jRqwvb09NIBeHdo60jPiBO+d6JbBU+WWztvXrB29mbOL4StbYZ5W0fFmK8gNoWwQYxz+Sgbtdzsgl7iIjbPEjPsVtr6POUm8mUlLCxtMo+H4GWymE3G2rQ8L4vFJOTtfc1Nu134QO9rhNozAxDCkeyWPdtmzTVL4Rl0drtwBcY32dhlWNP4eK2N9fAejrfBQjfmIzLmKmOeZZ7gPdqYL/+60ti5GX2yc/zktqWU5Dgl0lxBBmlzUw4RPDdM5EpyWW5LRhyYj0gadmU6Jux8sVInrhFaaUfVJseKjb9NflQ9MJw6gh5YdZO0FtS3eKGRMLpb68uOM+AaXckEy35b+TcCpbirt1GbHWUQxtKacEj5K6T/PjQ0RjsyKpjyaYnfFdGzKPDqjXTtjqXhkmWo4FApbJ1lNHBgzAxV3fb5OalD6jT9s17cJuOQyGghPXLr1k0wdevWSP4dsU8NWuWOOVBG8beF65EfnLouMgJK045ZcNUK04HD6RTStMNptcuH+gaG7HLvkNAgszozF6MziqR77CkUg6ZEB37pXoDGy+n5cLgHNUcHLXPT9E0QnppyTE856OmbW3PhQeFEeMbIyM3C3Bcv2k9kWrgSmhLNpRlsGiJNg0GrM2yZnp+XT0Hsm85Bg9M6ELYMDqI8QofBfI/RUjC3fPbZd99998ZcrV6U+ukObmzHPLBbvSOAdoARr8ORSeRWhD0Irjph57rXcQtuOOS5L5Py9N3t26dPn241Va3WtqPBviiC7QyHv//++2kQ8BpBAJbiwmhTBnt3kA2NNjnnCmB/dFrQ2ZrqZerO2mvePotDd24jffTRZ4fABWyvwRhGCth750A4QO/Hzg2yIeAC2Be/u40Pu8bUhaAt26ZWHKHV3MmYdvr2dwe5s96eG3JCwUzu6A0bvAWwBW97w4exs87Gg926g7C7TTjCqtnDPn37s0LYMAvLrcJogtXuvQUczr65IToP2zoN0Z2dh/P2xdNYsVEq78NFvYd9+qC7MyW53wB6LsA6ayvcM20xwgIcTF3IlOS7g2xhMAgLeCnYmQTa2pp72Ud1cEfNwY8Iuwsbds0u9kcHM3fvdTRg5hg0grkeR+91Y3gKftyCkN6eQVRvw0p963oAFnM916e25g61e3LYt/fi2s4AtEHI7u79XK3bZ7e780hbX25XgI3uXTaUEmWAOLY88+AAbIOhZprV6USFPu2ETTP0fWemWYZOsTusVtpwqCY8jL2N7G5tefPCVGMym1ugYbBqqoH1W01NtA10GbuFTZPw0hLdaUVHTa0mYa8kbOFmvhSAz746mHzydVscW5roHr/dP3j4e/FD2KZXZkuNaaer6wUkgY2Ql6Ztc9e2qbvLbNoxt3V90fWm+4W5Zvu12VxTY+6K7pjMXd2tb152bb8yt0rEfvXW9DloMZlaWs+aW7r+VgS8amx/GPQBw+GfOeWw7+xiR89Gu7stELPm87PmaDc4GzW3Wc5SbX8zvdhG3q7Z7o6++Ry09e287uoG3ZAanO0zmy3d4PNWadivEfYXXa8sO2e7doClW5z7TrXYsFd9dbZAT+QQ9jawAPObri/emNte7JjNX1i2QWuL5WW0pbW1r6UN3oaaNz9EX3xugW7/oe2LH7r7uluif+/b3vnhi+jfy8K2vNyxtMKbWoQaA3ZuoFwEe8+m6BfdYNvSHX3RYmqBeduybXn9su8saNveMbfARP7DTrStC2K3dL2BjjbA3NBtOQuxoy3SsbtatiH2558DE8QulshrMGAX1MUDWbv1Jbz75rNvul7CQqd1Z8f0anu7C+btnS6zebv1b69NbW1tXa93ts0tL3daX5hfb9eYf4D5e7v7dcsriYm8Zpt6HX3VAiA29HZXV7EWw+2jxd5N40LtYkKFd7beFkrtGlSSm4Rqu7W11STsRi+mzAv6JOyQWIFtv9kxte5sn91p3YHbxU69Uwybzqli7BKGSpXE5kprtuZurWktVXUXwaY7b2VVAfZHBxorx4Fdhm6LY9un+vr6YFu4r68CbKEHdqd0/JJkMuPGvlMsb8MGGehxOvLqp1ySP/h+UDjT+DbqgEVxYmdT+aGeZ1Z+0GOX+2czv+CQz/qtsyMB1P6mrYELfng77P5AoDD3Zx+dvtOKQyZTd+ZZ8WI1cdnKuPtgx3M/tmMebME+RzjsHRB+njcH2+UBytIHLtjpADCI/kj1M3MbDr3syo6tGLdx+vt0oWGG/dj0LJhywG5mj3cADHiHLoApqx/Me4emAe01DAw5ewtfin74gVeWlzUt2HTndoFBpbxE7pyzOKHLadjfho1vCO+8CdCwC5geAgNDhb8ygtjv4zcD+1TgZ8X52PQFcAH9akv4eZ7cPg22BlD53gemnNPA0FN4+PU4nxCqSHNDJbDlXjC4BQL0LrZ/IBxA6pU7emHCL5y3TxqrpET8tYftmDfM9znkmUTuHDDY54HdTtPCr3ect8BsgQudAydNVVqlvC2fBWBewB5wDgXAPBo0lHudW3I6gEq2AtfBIv79l0gy3cO2zoFeGn0BHDYYwIBV7hgBIAwMXj/64d7NAonF+j5+5XdII6LfAWYeh7Gin6Ei7KHAdC86124NTAcccnrrwshWgWut/wJJHKnTjnpaYvWYdwqghhoaJ6ZzjwVmNwr0zy7Sx/a8o2X0TFXa/DXSp/6C4P45MG2VZ7DFUsWuaP+nv/6f6ow5c2ZB2vR478aCddVp7BeC/lGIuzecyQT2kfmSXW/7P37xi1+OVWlMXV2wQQJ1Q7C2av0mw/1jITBrtg9mL/lrnYuI+jfVW1Nb11+SehQD9S73P0uRFdU/MVHX1gZHSzq7DktEGe4fRdvnEnTxR1zUEtx9GQ92hvu31fwM8+JvcVHX1l0piV3oqqJBiuz/TbXYjh/HCsRWkVcqwq4b/Vh4vxw6dOjjUN1Cv4glY7+sCts50l/AlP7oYSNqQwX2VY8dBB+PBUPBsbv9tcHLsD4JfTxWOwYFt8+cGbsSqhu7HKwdqwsdxB/75W8rnYdDTg8NggL3M/hT9C2ski7XwjgFY8aCl4PB0Qb4ESaNutBY7gAe7IVoNHoFREMLby2hBsOCpdZi6H/71jJmsTSMNvSrowtBY9SycMjMK5UMiyM5ZsOgEPaY5Yol2G9ZuNxgWQiNvr0bikYXjP0GY/+Zt+qPG6ANdbkDWLDPnAmCumgoBBqMDSAUhNj9wYZRELrWEBztN/YHLVeMlz8GB+u+ust9AW8F4LRTaJAexq7rt7wFdXf7g3WWUPCKoSH6LtofjPb/1BDsXwD/2/AW2pE9cC3v2oqx38GX6JUQuHx5zNJfa6mNhuBtN4TeXoPYMGp1yFIQG3bI/EUeSxeBDmS6XAWwR9/2Q9SGYJ3xchAZUwvjtvSPNtSCYDSDnT2Aw9uW0JkG6OG3oPaMxRjqh+kKYtdaopZQP4C3+rLROBqMXg5ZCmEDMFUWOO3szPW4CiRy6Mt3C1eMxv530JCfLNHaaBTG/Q6EjFEjwo5eyR7AgL17cQj+hWC52W8UDIJlWB0Kvq72UGm2HxuAeX+p6R8LQBfEzgRbG8r8h0IwhWetyJmQPXDgimqws0G8M0bFDBLBBmCw1ymhUHdYA/v71hJiqXt7RYopErBLBlMXDEpsM+xhAzA37RCd5VTws8Pqn8+fYkXKzZV4/0tiS3SktNjye3wDPZ20sxA67XBaA/OHppV5h82U0thvsfTAMgr+dDB049x0wOl1Wq0OB5ohy+GwOp1eeWBqrtAPnqPYTAm+LYWN0d1i/R5DeGBwfv7WrVvT8/ODA0XmDsLVLaoLlaQG6v5qB1dygxr9VS9schmLKcGQpGGl0WsNGPSu9MT3pbWAw5KSYwwf9EEf9EEf9O8r6niW0jnRBXsOaSWt0FStdMlF71dWMcQyjo36SUVLWB5ahI8sYdENUmxB0rJiSWOiXsG2smPRFenqMUVTZP3IsoRvQcsnRWKhMEWiUGiwUBuwrTVZdGFRXMtmolWUsWBfKhj2oTXvJRhUDJs5HMChOCRilyw7K8bWTDRO5LlHk5BgYnnYKhhHRdhH5+0b6hsramHF0dUHJHKLBkySwoYCuUjET2ViG26MPybJ3WDhP1qCOhtHJqLjxk6Qk+P1aw8SmgegcTVhWNMYVtRpMvGgnlwxpFXjTME1lsvFVqQTkyvJFTJtYBQrhoRiZU2VUIwnU5cSjzeSivS4yBrtR4pNplKqCaZx48Gj9fTKuMbwKE2R6ZRhHXQ8SqU2QKESqkxsdYK6n052JG9Q9ycfJiYbU0/GH46vJTTMBqxdEmvjhdeYP1rsyUl32l3f2Agdklr5Q0JDTWrUT5gN9aMbybWVlVQKA7ZB0ZhaY+7dS1Mqsn5lsn5FwYyv1Sfv3dtQXyLTj5MirZujxKbq3SuTiZS6UQPWUo9XEhqQCt9Lq6G3U4nUGjVRsPFRNvYapVA3pkj3ysR9KgUzUVL96L66vvESuATLa5E0fpTYmvTaqgq+bmjI9A1F+v4G3E4rVGurGwr0vrp2o5BBZVZgG/CPVEzA8NJplWZNAyPcUJCra2l0RGVYLUx9xPW28Jr9sLv30EY12NmgVJng8sMmE09ELzhC7IpUEbaIVKLn42muUMfTOC0XW1x4vA3E8lD59jwsEotagyuaR1ioMXY83cWimXjPOp5ApFlQtj31xaNZxRINeQMTNQCNGlX1ul9yuOeeovpY1nH5WhClrlpSojmeWD7ogz6omPrizZUpQuWFE6kwGKgTeFKKR7P9VyZWuRcM56k4GCgPJW7gkaiq9Wy0u9xcqVm/i4vQHS/3wanty+XOtdd8pc8tHpDtWLH56ib4JrLWclXPE+45Vuwq12zaxa56vuzjTeV52IRW+MvMzr8PRFjhpBJsdGE2AoIovmTPyWETSy4t36y18ZwN7nXLdqfDd7njy5VgL1NM87AtMzH3oodVZ9YZeO+wPRTBMcMcz/EsIeO1zTFWu6wjZCxjU1KwktFpdYRWJx2biLiGZT7QxPJNumXKpeNZGR97/7BlBCPjGB2n5dxMnKWWAMV/FWd8hIxRRiLaCEMtKjmeyQMs7m0fFWd5ENHxNsZDxT2UJxKxvY/YnC3SrOSgv1nAUp64jaVsXFwrY1wReBuGl2FKoPKXYCmOTbAxhqB0skiEYt1L8EZS4vn7JLGVDM8zyhx2RKkDPO8hWMbDAg817AEEB3x5ubOEtyEMi5aGkQEZZ0Mr94gUESeLDTMiuwx8Wm6JBQTlUQKfq4+DDRGGYyJEhGP4WITnpCdyYpHhFrUuRuaOxGU84+E8XzKMGPhJYstgUcYKS5roCGgf+kPNr2XfMjzNx6J9ZRRpmapQK7zLhFVrDq8F835gl6t/i+bK/x9sTG3y6tfuYY+TGriq7IFFsuHoquQmFo8Vuzp7cyvYVN2BhbXF8WIzvsqX3NmjhsmGrWLpHi17/ItPxCtewibvOyEqVnE4yvhxjyl90L+e/g9ZPgGKLKY4LgAAAABJRU5ErkJgglBLBwhe283WIh8AAB0fAABQSwECFAAUAAgICAAXs0lXXtvN1iIfAAAdHwAACAAAAAAAAAAAAAAAAAAAAAAAZGVtby5wbmdQSwUGAAAAAAEAAQA2AAAAWB8AAAAA}]
Capabilities {acceptInsecureCerts: true, browserName: firefox, browserVersion: 118.0.1, moz:accessibilityChecks: false, moz:buildID: 20230927232528, moz:debuggerAddress: 127.0.0.1:21007, moz:geckodriverVersion: 0.33.0, moz:headless: false, moz:platformVersion: 10.0, moz:processID: 13284, moz:profile: C:\Users\HP\AppData\Local\T..., moz:shutdownTimeout: 60000, moz:webdriverClick: true, moz:windowless: false, pageLoadStrategy: normal, platformName: windows, proxy: Proxy(), se:cdp: ws://127.0.0.1:21007/devtoo..., se:cdpVersion: 85.0, setWindowRect: true, strictFileInteractability: false, timeouts: {implicit: 0, pageLoad: 300000, script: 30000}, unhandledPromptBehavior: dismiss and notify}
Element: [[FirefoxDriver: firefox on windows (687980fb-5b51-4fb3-aca4-8bfabbcb1e04)] -&gt; xpath: //input[@type=&#039;file&#039;]]
Session ID: 687980fb-5b51-4fb3-aca4-8bfabbcb1e04" type="org.openqa.selenium.UnsupportedCommandException">
      <![CDATA[org.openqa.selenium.UnsupportedCommandException: HTTP method not allowed
Command duration or timeout: 5 milliseconds
Build info: version: '4.13.0', revision: 'ba948ece5b*'
System info: os.name: 'Windows 10', os.arch: 'amd64', os.version: '10.0', java.version: '17.0.3'
Driver info: org.openqa.selenium.firefox.FirefoxDriver
Command: [687980fb-5b51-4fb3-aca4-8bfabbcb1e04, uploadFile {file=UEsDBBQACAgIABezSVcAAAAAAAAAAAAAAAAIAAAAZGVtby5wbmcBHR/i4IlQTkcNChoKAAAADUlIRFIAAAD2AAAAzQgDAAAAvHF9lAAAAhBQTFRF////M5nMMzNmM5lmzJlmzDNm/5lmJJXKmTNmoMnj/5ZgJpVfm8au/7mlueS7p8zlK5hh9v/0RaFp/9i7IpPKseDjLaLI9v37yZJZ+vz3yAtV9/DqyiJdyilhyDBs5IWYz6Fz47HH//P1yaFpLCxiICBdfsbWT7NnJydgmWYz5Pf0dnaNMydfJiZhJzNmJpvJGxtbYGB/7srTjjNmsNTdM6hW1fLuM5q31muK/696/6CLVqnI3ev0Dg5WlZWl/2Yza6/WVlaFZWWPPDxq6Lik5+f3/66Vx8fQt7fAAABRbGyK/5FX/59wAIzHdbzXfX2X0NDm39/k/9rU/2JF/5Nq/6NpecOHyd/ux+zNl9OmAIlKrKzAj4+n/+bo07aN5s+7dklVTk6A0tLVn5/AM3Ghh4eupaWxRjNmoTNmyFSNxQBJszNmkFZf/3Fl1GZN//vl/+bTf7fentHbot/cc8LUwd/h0uX8fLLelbzjVqfZveDTW6t8e7eXqMq1LaNi3PLZT6R73f/gf7uhNLBM4vrta718tNS9db2QmtaZHpxSxtnVg8yp3bSW4+HH1MKaxohI4dGvzq9/pX4/e05JVEVZkWBAPEBiqItCY1NQeV1MM4mwM3OLdTNm4rzWdnajzlF655im7aiz2WyE66Sx1Hqi2Z2/6NHmz3ajlFteqFVgul5Yakxm/87M/8Cg/6WU/9HQeBOHSQAAHMhJREFUeJztnY1fGtm5xw8QneD4AgQZEIxCBiSTkkGXUBMGiyG+AY7BusE31tU0bnbTNsqV7voSSVKEJjHNZtvae/du1qQx29ttcvdfvOcMoKIMDHDUtDe/j8IwL+c833nOO8w5AHzQB0lUxEdUIpZn9gXi8lQUiE5JnRB1E0HIKhKhjewGwmsrDUR2MtxubWX2CsqZ3FR5IITnRLD5Ct0kmNyUDYStPAwZwZ0EticbuSg9yoL7P+7ftmXCYNiDl+w/L3u5WAyE6wSoKZ0QtS+25/UDCdYGlcOCOXixNLbPxkMYX+4kpRD0so0vnCa0J4ENBGwPFYtptcixWkLnJmBpRci0WvRJpnO5ueZleBDu0Lp4Ig4PaonsS0Fsrdsd4YYZH5G5aNgtBB1xRxhZJtD8G3ty2ARPaYc9zcPKGM8sxkEz0ezmZfHmCM/ZCNmwq2nYE4/Llrlmn4HxNROumJvX8u5YjBDBjsdkFMv4lO5m6HT3Utxm+w8tEYmxlMzHufkllza+/F5gy9gILIwBNBXwsiVG1xTzcMvAw0U8FPSTK0JQS7FIPMLKmBhr0HIxnmIp1uXWimA3c0wEeptdYnjl73TaeDMH72yEQTt5nhrm4hHi/cCG6ZHyxVyclueUHoZguHh8mdI2Q0gCYbMgHm+WuX+ndS/JIDbPgiVmeFEUOx4bpjyML+Jyx+JKrTYOBOwYjIKSsZTOBjzvBzbxpVIJLQIugndxOgCTp49fNhAQGwjYBBdbXOYXARuP6DLYBFC646LYcZ6SMT6DkoktUfyy28ZFCCISX6TYuEvJsBTPvB95W6ZratIRMsMyG3PJiK9sWj6yKLMRvIeNQb/wsCRuci3zEZ5YbtJldms9X8XEsInFiMuntS17mr7k4bYPnc8SfKTJQ+iaXKzPR9g87wc2qlRZRokKaGEbVdVCQsy9EEIxjzaJzMcIx/AiRZqMEELJVPgEkQ1L2CnLhfGeYCMtl9PCXPbJxCqwMnUi2AZdacNE9a+LDZZLG/bviL1YRVdEG8Nw77Qn0hWJVNHxZC3ZQGJVdDx9J0ENgGu44mGGPT99WSm3lmWK2HaUivh0lSh/UKl5uaJAlm0nNagERVUkHIGcCO4H/Ttrpb5qTawUj4K6V30cUCViKUdJDYlDq8kicTRiiQJKUyyWsqhJBRaR6wbROFKY4lAoVCo1Huw1XCaR90TjWMcUBYqlHgs1hc+kDbE4EticDbWOBduAD7tDLI5GnNiXsGCDjEmwtBCNKO8ImX/m/u3ysclD0R7ec5TYZCLxYFXMtsTG3ofVRCIxrsl9UNx/sM/IsrHJJ4lE/jGyPpF4UpwbKzbQpNUqMg230hqNQrOqUaVVaJvUpOFecjW9ruhQralgUTo+oSBvwDovfV+jTq+nFZp1WCjCszVlY5MP1QqYxTSa++vp+yS86xoFmapfBxpyI02uauDf0WPfSKXIZH1CMZ4YV/8eJDuS9xhVYnwtzTSqEhtPkuOPVclEAlZE5PgEOX6PSY+P16+BxIb6UXKFGVepG9WNZLnYqmSa3NggQXJ1JZW8z6TTDEmmEiuJyRRMUmkmnSxY7ODFHjesPkzWU38wTHZA7PWHTL0hnVjRpKm1SQinIQ0dBpggBGwNVZ8cTyVWSTV0+KNkx2py4vHkRCXYq4pGoAKrGpBKPn64knoCsccnkpco1aRakQIFnY0ZW1W/8tDd0dEBVGn17w2P6hMdHQpyIjmpMWwkNgw3VNS6+v5aUsC+b+jo0JAwUwjYaoidZiZT5WOTjUlyEmJrNGCjY12VMKhQIp9Mpg331ykyqX5Y8DKs2GqNJvlo5cH4ej1M5JeS0IgH44rxBxNriaRmfCOtTtSTiftrsAImGyfIVPLBaurBCkyR6w/WEx2rD8hxVDaVXaSpUjDjqGBSqk8mVicfj6PQE8kV8mEy+WQipVEfed5WqAR4jUK12nFPaF3AbYVKQyqEqOEbiU5RZd0ESz20h8zZBa9y15ePjcJV5cJNq1FVAkNWoVqRzMV1tNi7htQnUoXzVFGlEhNkdc0VciItrVGDB9vw6ED0pZoLhY1GV1XXSpMaLSZvV+BbEYm2yd04G6eiN7c84euBpY7h1uLqgQE1pr4IuSoeRwJbf4fUiPfqy1NyFcewx2S6WP8/sY4jDqhVTKMMSExj9Sox2EOtYIijsTGBD/qDPuioZcSlkwYpR8ZPTukxqX1GWpQGTKqCekF/Cp/01yTd53OY1L5ZMTlOasi9UDLCGYwx6k9FK6N+ihf71PNSERrxRtheGfY1zNinSiW7TczJS7QcDYfD4mXsNaxGQFlEo8roHN7o9GcOhN83NzUdmLV7vU6nE77QvRempw7zX8NrRWlszKkrrxA1DPR0OpwOOy3fE223W53+zvm5CrD1mT+9UNUVP7UUtlgMpcIVu24XOzzV67XmEe+Hdzi9V6fKxP7jqF4f1etHo/qFqCW6WfTcyrA3jdGnwsa5vdDbN/VPZ6RiDwScVhHkXXQrPZLzuTRso14P9OeMhnb9J8Znxc+tCFs/8/SZcVP/ySf6TdCuf/5HyPzHUzPGU+1oo/0UPNBeFLvH7yzBnJHd6h8oF/vazMwMxD6KRK6fMW4a279eeDozA2Y+uTtj1IOZTaMRxQhmQPuM8SkQ4UbY83KHFOaMy529A2VhPzNGo8ajw14wPlPPPDWeA8+eLswY2i0z+s0ZPcR++uwuTAHPomLuvjZllw6dSeuzc9Kw2w2nNi2nwLlzoP2osGEif45arc/Bs4Wvz507BbP15swzhK2/u2mcOWcRwf7rp86yoAU5vy9ePuX0tdHYvrmg18988rxU27KyIu0a9OzXm3fB13r101NGMPPcYmhvB19f24Quf7rZbnxqLIit/+b8p5Iy9QE5/vRXKdj6XBUm/B0BdjaG3Voys5k78Bz2OQrFqz9/vjJs+k/nv5HCLVntJagraq48Xxh9XmD3N+crxv7z+fPf4Gw4bZbCrijUQm2ZcwJ1Zdhy+i/wUkkJXZp9d0thSytMSitLff7PFWHLt87j44ZlXilqbB3PDPT5v9groob+/k/k8HYcmpEy2DGKhTtLfX6rQmrITdN2600JBmOS8RNs1P/lryyJ78o6fXzcAFiqVOfPBIn1t8qQc/44uavTSHnN0eLcgydNI1U3K2iPimsofNI80jSXoaYFlaQqcYaTpv1HZGckpsSmZrclk8L9VwWV4qZ7/cUOXzVcpe1XoY19zXjM68tBN7No2gNc0hLfCnUWfUEIPFwkvdOzvbCoBmFrkVM6wQUaZm+Kx2SjVpt9yjI+XOHjZ6Jis9idhz29uwemfnoWjNBy+/wInXdkd4vexZb7PVU8V3lAWl7Axhbenn5F78dGr6j6pmnrVqdcaLRZ/Z2zVnkvLPEhN8oTTnmnX0gXfudsJyoQaPgud2Sx6V/htE6Y2IjBdx/3As5iOyCAtW/AKrffBF7r4AAaGQ2gY2jYaPAWuunTTuE42jEHb8f1m6i6gvdrC/WPp60Z7J99i9M64WFi91FgZxL5SCAQ6HXuYg+Aua3ZMIBONRqveulZ+ffg1qwf3RbHAOgc6oTlgPU6GHB0GmBu3xqxewdBpz2D/XOc1hF8SWziwLw+0h5D1e4VaVNDe94GNO0YAVdhe7PXLpRoYMSOUoOzF/RY5dYREPBeN8L00QNg4W51eoegu4tgH7RNqoQHgYtiE3wsb74oj7RJs7LYW0Ner32ft/usQl71og0koUiD2N5pIOR/0OO9Dkt++iqYhW3xMOw23SyCTfhiSinPvBMHTyqJTfCUTQnLfC2a7AfNCeSjhtEUP6VmONPuK8n3Y2eKKMh2ALsHyDPYQzls6PH5TmcxbEJJxWKsYBiB7ENmoeks0MRFWXOFDUJ5cGqy0tgxTqZl43HO1hcb5jnmSx8jc3t4hitRn+RhhweccuvUPmzYuchUUrvYF8AFu5wOCHckg+01THnpoaLeBixEbWI4Hd/EuVzcl57mCONhI0yEjTUxzVoPx3n4CBdhGSqWb23pRA7L+iYWeCJuD9BRSz7Kw8RtWsrXFC+e1vdjw5Jsa6jXsA/b0QkGvE4rwp4eolHetsMmi9MZBrRzFxsMDMFEUATbxwxDAEYXiyg5AvBKDpqodCvdurgyxnnQVD1K9xLFcouuyMG5yUrn7WEd8FBELMJSHkqrA0uA+lJGNTfHpHsbggIj2O9t2tEDwPXwoAOCGkdQJkDnXAfGTtoqYH8vJPJweC48JY6tAzCFfxUfXuSU8WHGx3MebniZicSGmyIxF8vw0ErXkns4bosdnEtBQt6OuRgZJUyN9HOuORL3UTqg41x5U92IYMvlgWxjyz/dI/df8NOdgdxeh3/65jRqwvb09NIBeHdo60jPiBO+d6JbBU+WWztvXrB29mbOL4StbYZ5W0fFmK8gNoWwQYxz+Sgbtdzsgl7iIjbPEjPsVtr6POUm8mUlLCxtMo+H4GWymE3G2rQ8L4vFJOTtfc1Nu134QO9rhNozAxDCkeyWPdtmzTVL4Rl0drtwBcY32dhlWNP4eK2N9fAejrfBQjfmIzLmKmOeZZ7gPdqYL/+60ti5GX2yc/zktqWU5Dgl0lxBBmlzUw4RPDdM5EpyWW5LRhyYj0gadmU6Jux8sVInrhFaaUfVJseKjb9NflQ9MJw6gh5YdZO0FtS3eKGRMLpb68uOM+AaXckEy35b+TcCpbirt1GbHWUQxtKacEj5K6T/PjQ0RjsyKpjyaYnfFdGzKPDqjXTtjqXhkmWo4FApbJ1lNHBgzAxV3fb5OalD6jT9s17cJuOQyGghPXLr1k0wdevWSP4dsU8NWuWOOVBG8beF65EfnLouMgJK045ZcNUK04HD6RTStMNptcuH+gaG7HLvkNAgszozF6MziqR77CkUg6ZEB37pXoDGy+n5cLgHNUcHLXPT9E0QnppyTE856OmbW3PhQeFEeMbIyM3C3Bcv2k9kWrgSmhLNpRlsGiJNg0GrM2yZnp+XT0Hsm85Bg9M6ELYMDqI8QofBfI/RUjC3fPbZd99998ZcrV6U+ukObmzHPLBbvSOAdoARr8ORSeRWhD0Irjph57rXcQtuOOS5L5Py9N3t26dPn241Va3WtqPBviiC7QyHv//++2kQ8BpBAJbiwmhTBnt3kA2NNjnnCmB/dFrQ2ZrqZerO2mvePotDd24jffTRZ4fABWyvwRhGCth750A4QO/Hzg2yIeAC2Be/u40Pu8bUhaAt26ZWHKHV3MmYdvr2dwe5s96eG3JCwUzu6A0bvAWwBW97w4exs87Gg926g7C7TTjCqtnDPn37s0LYMAvLrcJogtXuvQUczr65IToP2zoN0Z2dh/P2xdNYsVEq78NFvYd9+qC7MyW53wB6LsA6ayvcM20xwgIcTF3IlOS7g2xhMAgLeCnYmQTa2pp72Ud1cEfNwY8Iuwsbds0u9kcHM3fvdTRg5hg0grkeR+91Y3gKftyCkN6eQVRvw0p963oAFnM916e25g61e3LYt/fi2s4AtEHI7u79XK3bZ7e780hbX25XgI3uXTaUEmWAOLY88+AAbIOhZprV6USFPu2ETTP0fWemWYZOsTusVtpwqCY8jL2N7G5tefPCVGMym1ugYbBqqoH1W01NtA10GbuFTZPw0hLdaUVHTa0mYa8kbOFmvhSAz746mHzydVscW5roHr/dP3j4e/FD2KZXZkuNaaer6wUkgY2Ql6Ztc9e2qbvLbNoxt3V90fWm+4W5Zvu12VxTY+6K7pjMXd2tb152bb8yt0rEfvXW9DloMZlaWs+aW7r+VgS8amx/GPQBw+GfOeWw7+xiR89Gu7stELPm87PmaDc4GzW3Wc5SbX8zvdhG3q7Z7o6++Ry09e287uoG3ZAanO0zmy3d4PNWadivEfYXXa8sO2e7doClW5z7TrXYsFd9dbZAT+QQ9jawAPObri/emNte7JjNX1i2QWuL5WW0pbW1r6UN3oaaNz9EX3xugW7/oe2LH7r7uluif+/b3vnhi+jfy8K2vNyxtMKbWoQaA3ZuoFwEe8+m6BfdYNvSHX3RYmqBeduybXn9su8saNveMbfARP7DTrStC2K3dL2BjjbA3NBtOQuxoy3SsbtatiH2558DE8QulshrMGAX1MUDWbv1Jbz75rNvul7CQqd1Z8f0anu7C+btnS6zebv1b69NbW1tXa93ts0tL3daX5hfb9eYf4D5e7v7dcsriYm8Zpt6HX3VAiA29HZXV7EWw+2jxd5N40LtYkKFd7beFkrtGlSSm4Rqu7W11STsRi+mzAv6JOyQWIFtv9kxte5sn91p3YHbxU69Uwybzqli7BKGSpXE5kprtuZurWktVXUXwaY7b2VVAfZHBxorx4Fdhm6LY9un+vr6YFu4r68CbKEHdqd0/JJkMuPGvlMsb8MGGehxOvLqp1ySP/h+UDjT+DbqgEVxYmdT+aGeZ1Z+0GOX+2czv+CQz/qtsyMB1P6mrYELfng77P5AoDD3Zx+dvtOKQyZTd+ZZ8WI1cdnKuPtgx3M/tmMebME+RzjsHRB+njcH2+UBytIHLtjpADCI/kj1M3MbDr3syo6tGLdx+vt0oWGG/dj0LJhywG5mj3cADHiHLoApqx/Me4emAe01DAw5ewtfin74gVeWlzUt2HTndoFBpbxE7pyzOKHLadjfho1vCO+8CdCwC5geAgNDhb8ygtjv4zcD+1TgZ8X52PQFcAH9akv4eZ7cPg22BlD53gemnNPA0FN4+PU4nxCqSHNDJbDlXjC4BQL0LrZ/IBxA6pU7emHCL5y3TxqrpET8tYftmDfM9znkmUTuHDDY54HdTtPCr3ect8BsgQudAydNVVqlvC2fBWBewB5wDgXAPBo0lHudW3I6gEq2AtfBIv79l0gy3cO2zoFeGn0BHDYYwIBV7hgBIAwMXj/64d7NAonF+j5+5XdII6LfAWYeh7Gin6Ei7KHAdC86124NTAcccnrrwshWgWut/wJJHKnTjnpaYvWYdwqghhoaJ6ZzjwVmNwr0zy7Sx/a8o2X0TFXa/DXSp/6C4P45MG2VZ7DFUsWuaP+nv/6f6ow5c2ZB2vR478aCddVp7BeC/lGIuzecyQT2kfmSXW/7P37xi1+OVWlMXV2wQQJ1Q7C2av0mw/1jITBrtg9mL/lrnYuI+jfVW1Nb11+SehQD9S73P0uRFdU/MVHX1gZHSzq7DktEGe4fRdvnEnTxR1zUEtx9GQ92hvu31fwM8+JvcVHX1l0piV3oqqJBiuz/TbXYjh/HCsRWkVcqwq4b/Vh4vxw6dOjjUN1Cv4glY7+sCts50l/AlP7oYSNqQwX2VY8dBB+PBUPBsbv9tcHLsD4JfTxWOwYFt8+cGbsSqhu7HKwdqwsdxB/75W8rnYdDTg8NggL3M/hT9C2ski7XwjgFY8aCl4PB0Qb4ESaNutBY7gAe7IVoNHoFREMLby2hBsOCpdZi6H/71jJmsTSMNvSrowtBY9SycMjMK5UMiyM5ZsOgEPaY5Yol2G9ZuNxgWQiNvr0bikYXjP0GY/+Zt+qPG6ANdbkDWLDPnAmCumgoBBqMDSAUhNj9wYZRELrWEBztN/YHLVeMlz8GB+u+ust9AW8F4LRTaJAexq7rt7wFdXf7g3WWUPCKoSH6LtofjPb/1BDsXwD/2/AW2pE9cC3v2oqx38GX6JUQuHx5zNJfa6mNhuBtN4TeXoPYMGp1yFIQG3bI/EUeSxeBDmS6XAWwR9/2Q9SGYJ3xchAZUwvjtvSPNtSCYDSDnT2Aw9uW0JkG6OG3oPaMxRjqh+kKYtdaopZQP4C3+rLROBqMXg5ZCmEDMFUWOO3szPW4CiRy6Mt3C1eMxv530JCfLNHaaBTG/Q6EjFEjwo5eyR7AgL17cQj+hWC52W8UDIJlWB0Kvq72UGm2HxuAeX+p6R8LQBfEzgRbG8r8h0IwhWetyJmQPXDgimqws0G8M0bFDBLBBmCw1ymhUHdYA/v71hJiqXt7RYopErBLBlMXDEpsM+xhAzA37RCd5VTws8Pqn8+fYkXKzZV4/0tiS3SktNjye3wDPZ20sxA67XBaA/OHppV5h82U0thvsfTAMgr+dDB049x0wOl1Wq0OB5ohy+GwOp1eeWBqrtAPnqPYTAm+LYWN0d1i/R5DeGBwfv7WrVvT8/ODA0XmDsLVLaoLlaQG6v5qB1dygxr9VS9schmLKcGQpGGl0WsNGPSu9MT3pbWAw5KSYwwf9EEf9EEf9O8r6niW0jnRBXsOaSWt0FStdMlF71dWMcQyjo36SUVLWB5ahI8sYdENUmxB0rJiSWOiXsG2smPRFenqMUVTZP3IsoRvQcsnRWKhMEWiUGiwUBuwrTVZdGFRXMtmolWUsWBfKhj2oTXvJRhUDJs5HMChOCRilyw7K8bWTDRO5LlHk5BgYnnYKhhHRdhH5+0b6hsramHF0dUHJHKLBkySwoYCuUjET2ViG26MPybJ3WDhP1qCOhtHJqLjxk6Qk+P1aw8SmgegcTVhWNMYVtRpMvGgnlwxpFXjTME1lsvFVqQTkyvJFTJtYBQrhoRiZU2VUIwnU5cSjzeSivS4yBrtR4pNplKqCaZx48Gj9fTKuMbwKE2R6ZRhHXQ8SqU2QKESqkxsdYK6n052JG9Q9ycfJiYbU0/GH46vJTTMBqxdEmvjhdeYP1rsyUl32l3f2Agdklr5Q0JDTWrUT5gN9aMbybWVlVQKA7ZB0ZhaY+7dS1Mqsn5lsn5FwYyv1Sfv3dtQXyLTj5MirZujxKbq3SuTiZS6UQPWUo9XEhqQCt9Lq6G3U4nUGjVRsPFRNvYapVA3pkj3ysR9KgUzUVL96L66vvESuATLa5E0fpTYmvTaqgq+bmjI9A1F+v4G3E4rVGurGwr0vrp2o5BBZVZgG/CPVEzA8NJplWZNAyPcUJCra2l0RGVYLUx9xPW28Jr9sLv30EY12NmgVJng8sMmE09ELzhC7IpUEbaIVKLn42muUMfTOC0XW1x4vA3E8lD59jwsEotagyuaR1ioMXY83cWimXjPOp5ApFlQtj31xaNZxRINeQMTNQCNGlX1ul9yuOeeovpY1nH5WhClrlpSojmeWD7ogz6omPrizZUpQuWFE6kwGKgTeFKKR7P9VyZWuRcM56k4GCgPJW7gkaiq9Wy0u9xcqVm/i4vQHS/3wanty+XOtdd8pc8tHpDtWLH56ib4JrLWclXPE+45Vuwq12zaxa56vuzjTeV52IRW+MvMzr8PRFjhpBJsdGE2AoIovmTPyWETSy4t36y18ZwN7nXLdqfDd7njy5VgL1NM87AtMzH3oodVZ9YZeO+wPRTBMcMcz/EsIeO1zTFWu6wjZCxjU1KwktFpdYRWJx2biLiGZT7QxPJNumXKpeNZGR97/7BlBCPjGB2n5dxMnKWWAMV/FWd8hIxRRiLaCEMtKjmeyQMs7m0fFWd5ENHxNsZDxT2UJxKxvY/YnC3SrOSgv1nAUp64jaVsXFwrY1wReBuGl2FKoPKXYCmOTbAxhqB0skiEYt1L8EZS4vn7JLGVDM8zyhx2RKkDPO8hWMbDAg817AEEB3x5ubOEtyEMi5aGkQEZZ0Mr94gUESeLDTMiuwx8Wm6JBQTlUQKfq4+DDRGGYyJEhGP4WITnpCdyYpHhFrUuRuaOxGU84+E8XzKMGPhJYstgUcYKS5roCGgf+kPNr2XfMjzNx6J9ZRRpmapQK7zLhFVrDq8F835gl6t/i+bK/x9sTG3y6tfuYY+TGriq7IFFsuHoquQmFo8Vuzp7cyvYVN2BhbXF8WIzvsqX3NmjhsmGrWLpHi17/ItPxCtewibvOyEqVnE4yvhxjyl90L+e/g9ZPgGKLKY4LgAAAABJRU5ErkJgglBLBwhe283WIh8AAB0fAABQSwECFAAUAAgICAAXs0lXXtvN1iIfAAAdHwAACAAAAAAAAAAAAAAAAAAAAAAAZGVtby5wbmdQSwUGAAAAAAEAAQA2AAAAWB8AAAAA}]
Capabilities {acceptInsecureCerts: true, browserName: firefox, browserVersion: 118.0.1, moz:accessibilityChecks: false, moz:buildID: 20230927232528, moz:debuggerAddress: 127.0.0.1:21007, moz:geckodriverVersion: 0.33.0, moz:headless: false, moz:platformVersion: 10.0, moz:processID: 13284, moz:profile: C:\Users\HP\AppData\Local\T..., moz:shutdownTimeout: 60000, moz:webdriverClick: true, moz:windowless: false, pageLoadStrategy: normal, platformName: windows, proxy: Proxy(), se:cdp: ws://127.0.0.1:21007/devtoo..., se:cdpVersion: 85.0, setWindowRect: true, strictFileInteractability: false, timeouts: {implicit: 0, pageLoad: 300000, script: 30000}, unhandledPromptBehavior: dismiss and notify}
Element: [[FirefoxDriver: firefox on windows (687980fb-5b51-4fb3-aca4-8bfabbcb1e04)] -> xpath: //input[@type='file']]
Session ID: 687980fb-5b51-4fb3-aca4-8bfabbcb1e04
at java.base/jdk.internal.reflect.NativeConstructorAccessorImpl.newInstance0(Native Method)
at java.base/jdk.internal.reflect.NativeConstructorAccessorImpl.newInstance(NativeConstructorAccessorImpl.java:77)
at java.base/jdk.internal.reflect.DelegatingConstructorAccessorImpl.newInstance(DelegatingConstructorAccessorImpl.java:45)
at java.base/java.lang.reflect.Constructor.newInstanceWithCaller(Constructor.java:499)
at java.base/java.lang.reflect.Constructor.newInstance(Constructor.java:480)
at org.openqa.selenium.remote.ErrorHandler.createThrowable(ErrorHandler.java:220)
at org.openqa.selenium.remote.ErrorHandler.throwIfResponseFailed(ErrorHandler.java:169)
at org.openqa.selenium.remote.RemoteWebDriver.execute(RemoteWebDriver.java:655)
at org.openqa.selenium.remote.RemoteWebElement.execute(RemoteWebElement.java:224)
at org.openqa.selenium.remote.RemoteWebElement.upload(RemoteWebElement.java:121)
at java.base/java.util.stream.ReferencePipeline$3$1.accept(ReferencePipeline.java:197)
at java.base/java.util.ArrayList$ArrayListSpliterator.forEachRemaining(ArrayList.java:1625)
at java.base/java.util.stream.AbstractPipeline.copyInto(AbstractPipeline.java:509)
at java.base/java.util.stream.AbstractPipeline.wrapAndCopyInto(AbstractPipeline.java:499)
at java.base/java.util.stream.ReduceOps$ReduceOp.evaluateSequential(ReduceOps.java:921)
at java.base/java.util.stream.AbstractPipeline.evaluate(AbstractPipeline.java:234)
at java.base/java.util.stream.ReferencePipeline.collect(ReferencePipeline.java:682)
at org.openqa.selenium.remote.RemoteWebElement.sendKeys(RemoteWebElement.java:108)
at arka.pages.AddTaskpage.addTask(AddTaskpage.java:71)
at arka.testcases.E2E.loginLeadTaskCreation(E2E.java:33)
at java.base/jdk.internal.reflect.NativeMethodAccessorImpl.invoke0(Native Method)
at java.base/jdk.internal.reflect.NativeMethodAccessorImpl.invoke(NativeMethodAccessorImpl.java:77)
at java.base/jdk.internal.reflect.DelegatingMethodAccessorImpl.invoke(DelegatingMethodAccessorImpl.java:43)
at java.base/java.lang.reflect.Method.invoke(Method.java:568)
at org.testng.internal.invokers.MethodInvocationHelper.invokeMethod(MethodInvocationHelper.java:139)
at org.testng.internal.invokers.TestInvoker.invokeMethod(TestInvoker.java:664)
at org.testng.internal.invokers.TestInvoker.invokeTestMethod(TestInvoker.java:227)
at org.testng.internal.invokers.MethodRunner.runInSequence(MethodRunner.java:50)
at org.testng.internal.invokers.TestInvoker$MethodInvocationAgent.invoke(TestInvoker.java:957)
at org.testng.internal.invokers.TestInvoker.invokeTestMethods(TestInvoker.java:200)
at org.testng.internal.invokers.TestMethodWorker.invokeTestMethods(TestMethodWorker.java:148)
at org.testng.internal.invokers.TestMethodWorker.run(TestMethodWorker.java:128)
at java.base/java.util.ArrayList.forEach(ArrayList.java:1511)
at org.testng.TestRunner.privateRun(TestRunner.java:848)
at org.testng.TestRunner.run(TestRunner.java:621)
at org.testng.SuiteRunner.runTest(SuiteRunner.java:443)
at org.testng.SuiteRunner.runSequentially(SuiteRunner.java:437)
at org.testng.SuiteRunner.privateRun(SuiteRunner.java:397)
at org.testng.SuiteRunner.run(SuiteRunner.java:336)
at org.testng.SuiteRunnerWorker.runSuite(SuiteRunnerWorker.java:52)
at org.testng.SuiteRunnerWorker.run(SuiteRunnerWorker.java:95)
at org.testng.TestNG.runSuitesSequentially(TestNG.java:1280)
at org.testng.TestNG.runSuitesLocally(TestNG.java:1200)
at org.testng.TestNG.runSuites(TestNG.java:1114)
at org.testng.TestNG.run(TestNG.java:1082)
at org.testng.remote.AbstractRemoteTestNG.run(AbstractRemoteTestNG.java:115)
at org.testng.remote.RemoteTestNG.initAndRun(RemoteTestNG.java:251)
at org.testng.remote.RemoteTestNG.main(RemoteTestNG.java:77)
]]>
    </error>
    <system-out>
      <![CDATA[LOG:INFO - Username Entered 
LOG:INFO - Password Entered 
LOG:INFO - Login Button Clicked 
LOG:INFO - Login Successful 
LOG:INFO - Lead Name Entered 
LOG:INFO - Lead Owner Entered 
LOG:INFO - Lead Email Entered 
LOG:INFO - Lead Phone Number Entered 
LOG:INFO - Property Type Selected
LOG:INFO - Lead Source Selected
LOG:INFO - PipeLine Selected
LOG:INFO - Stage List Selected
LOG:INFO - Address Entered
LOG:INFO - Date Selected
LOG:INFO - Cost Entered
LOG:INFO - Create Button Clicked
LOG:INFO - Lead Created]]>
    </system-out>
  </testcase> <!-- loginLeadTaskCreation -->
  <system-out>
    <![CDATA[LOG:INFO - Username Entered 
LOG:INFO - Password Entered 
LOG:INFO - Login Button Clicked 
LOG:INFO - Login Successful 
LOG:INFO - Lead Name Entered 
LOG:INFO - Lead Owner Entered 
LOG:INFO - Lead Email Entered 
LOG:INFO - Lead Phone Number Entered 
LOG:INFO - Property Type Selected
LOG:INFO - Lead Source Selected
LOG:INFO - PipeLine Selected
LOG:INFO - Stage List Selected
LOG:INFO - Address Entered
LOG:INFO - Date Selected
LOG:INFO - Cost Entered
LOG:INFO - Create Button Clicked
LOG:INFO - Lead Created]]>
  </system-out>
</testsuite> <!-- arka.testcases.E2E -->
