<?xml version="1.0" encoding="UTF-8"?>
<!-- Generated by org.testng.reporters.JUnitReportReporter -->
<testsuite hostname="DESKTOP-ECSS8QS" failures="0" tests="1" name="arka.testcases.E2E" time="166.452" errors="0" timestamp="2023-10-13T14:52:54 IST" skipped="0">
  <testcase classname="arka.testcases.E2E" name="loginLeadTaskCreation" time="166.452">
    <system-out>
      <![CDATA[LOG:INFO - Username Entered 
LOG:INFO - Password Entered 
LOG:INFO - Login Button Clicked 
LOG:INFO - Login Successful 
LOG:INFO - Lead Name Entered 
LOG:INFO - Lead Owner Entered 
LOG:INFO - Lead Email Entered 
LOG:INFO - Lead Phone Number Entered 
LOG:INFO - Property Type Selected
LOG:INFO - Lead Source Selected
LOG:INFO - PipeLine Selected
LOG:INFO - Stage List Selected
LOG:INFO - Address Entered
LOG:INFO - Date Selected
LOG:INFO - Cost Entered
LOG:INFO - Create Button Clicked
LOG:INFO - Lead Created
LOG:INFO - Create Task clicked 
LOG:INFO - Task name Entered 
LOG:INFO - Start Date Selected 
LOG:INFO - Due date Selected 
LOG:INFO - LHome Owner selected 
LOG:INFO - Task description added 
LOG:INFO - File Uploaded 
LOG:INFO - Task Created 
LOG:INFO - Task search successful ]]>
    </system-out>
  </testcase> <!-- loginLeadTaskCreation -->
  <system-out>
    <![CDATA[LOG:INFO - Username Entered 
LOG:INFO - Password Entered 
LOG:INFO - Login Button Clicked 
LOG:INFO - Login Successful 
LOG:INFO - Lead Name Entered 
LOG:INFO - Lead Owner Entered 
LOG:INFO - Lead Email Entered 
LOG:INFO - Lead Phone Number Entered 
LOG:INFO - Property Type Selected
LOG:INFO - Lead Source Selected
LOG:INFO - PipeLine Selected
LOG:INFO - Stage List Selected
LOG:INFO - Address Entered
LOG:INFO - Date Selected
LOG:INFO - Cost Entered
LOG:INFO - Create Button Clicked
LOG:INFO - Lead Created
LOG:INFO - Create Task clicked 
LOG:INFO - Task name Entered 
LOG:INFO - Start Date Selected 
LOG:INFO - Due date Selected 
LOG:INFO - LHome Owner selected 
LOG:INFO - Task description added 
LOG:INFO - File Uploaded 
LOG:INFO - Task Created 
LOG:INFO - Task search successful ]]>
  </system-out>
</testsuite> <!-- arka.testcases.E2E -->
