<?xml version="1.0" encoding="UTF-8"?>
<!-- Generated by org.testng.reporters.JUnitReportReporter -->
<testsuite hostname="DESKTOP-ECSS8QS" failures="0" tests="1" name="arka.testcases.DesignProposal" time="126.834" errors="0" timestamp="2023-10-13T11:38:29 IST" skipped="0">
  <testcase classname="arka.testcases.DesignProposal" name="loginWithValidCredentials" time="126.834">
    <system-out>
      <![CDATA[LOG:INFO - Username Entered 
LOG:INFO - Password Entered 
LOG:INFO - Login Button Clicked 
LOG:INFO - Design Order Proposal successfully created
LOG:INFO - File Uploaded 
LOG:INFO - Preliminary Proposal successfully created]]>
    </system-out>
  </testcase> <!-- loginWithValidCredentials -->
  <system-out>
    <![CDATA[LOG:INFO - Username Entered 
LOG:INFO - Password Entered 
LOG:INFO - Login Button Clicked 
LOG:INFO - Design Order Proposal successfully created
LOG:INFO - File Uploaded 
LOG:INFO - Preliminary Proposal successfully created]]>
  </system-out>
</testsuite> <!-- arka.testcases.DesignProposal -->
